Arguments: 
  /home/a/.asdf/installs/nodejs/16.14.2/bin/node /home/a/.npm/_npx/c094c3349f8dd527/node_modules/.bin/yarn install

PATH: 
  /home/a/repo/gfx.cafe/ip/contracts/node_modules/.bin:/home/a/repo/gfx.cafe/ip/node_modules/.bin:/home/a/repo/gfx.cafe/node_modules/.bin:/home/a/repo/node_modules/.bin:/home/a/node_modules/.bin:/home/node_modules/.bin:/node_modules/.bin:/home/a/.asdf/installs/nodejs/16.14.2/lib/node_modules/npm/node_modules/@npmcli/run-script/lib/node-gyp-bin:/home/a/.npm/_npx/c094c3349f8dd527/node_modules/.bin:/home/a/.asdf/shims:/home/a/.asdf/bin:~/.local/share/pnpm:/home/a/.krew/bin:/home/a/.local/bin:/home/a/.local/script:/bedrock/cross/pin/bin:/bedrock/bin:/usr/local/bin:/usr/local/sbin:/usr/bin:/usr/sbin:/bin:/sbin:/usr/local/games:/usr/games:~/.local/share/pnpm:/home/a/.krew/bin:/home/a/.local/bin:/home/a/.local/script:/home/a/.local/share/zinit/polaris/bin:/usr/lib/jvm/default/bin:/usr/bin/site_perl:/usr/bin/vendor_perl:/usr/bin/core_perl:/snap/bin:/home/a/go/bin:/home/a/.asdf/installs/golang/1.18.1/go/bin:/bedrock/cross/bin:/home/a/go/bin:/home/a/.asdf/installs/golang/1.18.1/go/bin:

Yarn version: 
  1.22.19

Node version: 
  16.14.2

Platform: 
  linux x64

Trace: 
  SyntaxError: /home/a/repo/gfx.cafe/ip/contracts/package.json: Unexpected token < in JSON at position 1793
      at JSON.parse (<anonymous>)
      at /home/a/.npm/_npx/c094c3349f8dd527/node_modules/yarn/lib/cli.js:1629:59
      at Generator.next (<anonymous>)
      at step (/home/a/.npm/_npx/c094c3349f8dd527/node_modules/yarn/lib/cli.js:310:30)
      at /home/a/.npm/_npx/c094c3349f8dd527/node_modules/yarn/lib/cli.js:321:13

npm manifest: 
  {
      "name": "usdi-core",
      "version": "1.0.0",
      "description": "",
      "main": "index.js",
      "directories": {
          "test": "test"
      },
      "scripts": {
          "setup": "npx yarn install",
          "clean": "npx hardhat clean",
          "compile": "npx hardhat compile",
          "pretest": "npx hardhat compile",
          "test": "npx hardhat test test/mainnet/index.ts; npx hardhat test test/isolated/index.ts",
          "testgov": "npx hardhat test test/governance/index.ts",
          "testsale": "npx hardhat test test/presale/oversaturation/index.ts; npx hardhat test test/presale/oversaturation/index.ts;",
          "testall": "npm run test; npm run testgov; npm run testsale",
          "lint": "bash -c \"shopt -s globstar && shopt -s extglob && npx solhint 'contracts/!(_external)/**/*.sol'\"",
          "fmt": "bash -c \"shopt -s globstar && npx prettier --write 'contracts/**/*.sol'\"",
          "save-abis": "rm -rf artifacts/contracts/_external && mv artifacts/contracts abis"
      },
      "author": "",
      "license": "ISC",
      "dependencies": {
          "@ethersproject/providers": "^5.3.0",
          "@ethersproject/wallet": "^5.6.2",
          "@tenderly/hardhat-tenderly": "1.1.0-beta.8",
          "@typechain/truffle-v5": "^8.0.0",
          "@typechain/web3-v1": "^6.0.0",
          "@types/lowdb": "^1.0.11",
          "@uniswap/v3-core": "^1.0.1",
          "big-number": "^2.0.0",
          "decimal.js": "^10.3.1",
          "dotenv": "^16.0.0",
          "ethereum-multicall": "^2.12.0",
          "fs": "0.0.1-security",
          "hardhat-console": "^1.0.0",
          "hardhat-gas-reporter": "^1.0.8",
          "hardhat-watcher": "^2.1.1",
          "js-sha256": "^0.9.0",
          "keyv": "^4.3.0",
          "keyv-file": "^0.2.0",
          "lowdb": "1.0.0",
          "merkletreejs": "^0.2.31",
  <<<<<<< HEAD
          "node-json-db": "^1.5.0",
          "typescript": "^4.6.3"
  =======
          "typescript": "^4.6.3",
          "web3": "^1.7.3"
  >>>>>>> scaledWave
      },
      "devDependencies": {
          "@nomiclabs/hardhat-ethers": "^2.0.5",
          "@nomiclabs/hardhat-etherscan": "^3.0.3",
          "@nomiclabs/hardhat-waffle": "^2.0.3",
          "@openzeppelin/hardhat-upgrades": "^1.17.0",
          "@typechain/ethers-v5": "^10.0.0",
          "@typechain/hardhat": "^6.0.0",
          "@types/chai": "^4.3.0",
          "@types/mocha": "^9.1.0",
          "@types/node": "^17.0.23",
          "chai": "^4.3.6",
          "chai-bignumber": "^3.0.0",
          "ethereum-waffle": "^3.4.4",
          "ethers": "^5.6.2",
          "hardhat": "^2.9.7",
          "hardhat-docgen": "^1.3.0",
          "prettier": "^2.6.2",
          "prettier-plugin-solidity": "^1.0.0-beta.19",
          "solhint": "^3.3.7",
          "ts-node": "^10.7.0",
          "typechain": "^8.0.0"
      }
  }

yarn manifest: 
  No manifest

Lockfile: 
  No lockfile
